---
title: x86_64汇编与调试
comments: true
date: 2016-10-29 07:24:09
tags: [assembly,gdb,debugging]
---


> 汇编调试如下好处：
1）调试Release版本，调试对象里面没有debug符号。
2）当C代码一行中执行了很多语句，汇编调试可以准确定位错误的情况。
3）可以分析栈溢出等复杂的错误。
掌握汇编和反汇编，会更加清楚寄存器，内存，汇编指令，程序堆栈等概念，理解C语言运行时的细节，帮助提高编程能力。


基础
---------
![计算机结构](http://static.zybuluo.com/shenyuflying/r7omgxk97tbzi0axk0pd211a/image_1b07j5oorei6i04o1e1usj1b0d9.png)


<!--more-->

### 寄存器与栈
![image_1b07j8ngs1s0010161diro2quq416.png-27kB][1]

rbp: 基地址
rsp：栈顶
rip：指令地址

```
  1  #include<stdio.h>
  2  #include<stdlib.h>
  3 
  4  int global_var = 0;
  5  int main()
  6  {
  7      static int static_var = 0;
  8      int        local_var  = 0;
  9      int        *heap_var  = malloc(sizeof(int));
 10      printf("local_var  = %p\n",&local_var);
 11      printf("heap_var   = %p\n",heap_var);
 12      printf("static_var = %p\n",&static_var);
 13      printf("global_var = %p\n",&global_var);
 14      printf("string     = %p\n","Hello world");
 15      printf("main       = %p\n",&main);
 16      
 17      return 0;
 18  }   
```

```
$ ./location 
local_var  = 0x7ffde741b6dc
heap_var   = 0x1f90010
static_var = 0x601050
global_var = 0x60104c
string     = 0x4006b4
main       = 0x40057d
```


### 函数调用

```
int bar()
{
    int *a=0x0;   
    *a=1;       
    return 0;
}
main()
{
    bar();
}
```

```
(gdb) disas bar
Dump of assembler code for function bar:
0x0000000000400448 <bar+0>:	push   %rbp
0x0000000000400449 <bar+1>:	mov    %rsp,%rbp
0x000000000040044c <bar+4>:	movq   $0x0,-0x8(%rbp)
0x0000000000400454 <bar+12>:	mov    -0x8(%rbp),%rax
0x0000000000400458 <bar+16>:	movl   $0x1,(%rax)
0x000000000040045e <bar+22>:	mov    $0x0,%eax
0x0000000000400463 <bar+27>:	leaveq 
0x0000000000400464 <bar+28>:	retq   
End of assembler dump.
(gdb) disas main
Dump of assembler code for function main:
0x0000000000400465 <main+0>:	push   %rbp
0x0000000000400466 <main+1>:	mov    %rsp,%rbp
0x0000000000400469 <main+4>:	mov    $0x0,%eax
0x000000000040046e <main+9>:	callq  0x400448 <bar>
0x0000000000400473 <main+14>:leaveq 
0x0000000000400474 <main+15>:retq   
End of assembler dump.

```

看以上程序对应的汇编，在main里调用bar的指令是
```
0x000000000040046e <main+9>:	callq  0x400448 <bar>
```
call 等价于：
```
push %rip            ---保存rip地址
jump 0x400448        ---跳转到指定函数地址
```

跳转到bar后，会有如下指令：
```
0x0000000000400448 <bar+0>:	push   %rbp
0x0000000000400449 <bar+1>:	mov    %rsp,%rbp
...
0x0000000000400463 <bar+27>:	leaveq 
0x0000000000400464 <bar+28>:	retq   
```

push %rbp 等价于：
```
subl $4, %rsp        ---栈上分配空间
movl %rbp (%rsp)     ---把rbp保存到栈顶
```

leave等价于：
```
movl %rbp %rsp       ---回退rsp
popl %rbp            ---恢复rbp
```

ret 等价于：
```
pop %rip             ---恢复rip
```

pop 等价于：
```
movl (%esp), %???    ---取栈上的值给？？？
addl $4, %esp        ---回收栈空间
```

### 传参——通过栈传参

```
int bar(int a,int b)
{
    return a+b;
}

int foo()
{
    int a=1,b=2;
    return bar(a,b);
}
bar:
    pushl   %ebp
    movl    %esp, %ebp
    movl    12(%ebp), %eax
    addl    8(%ebp), %eax
    popl    %ebp
    ret
foo:
    pushl   %ebp
    movl    %esp, %ebp
    subl    $24, %esp
    movl    $1, -8(%ebp) 
    movl    $2, -4(%ebp)
    movl    -4(%ebp), %eax
    movl    %eax, 4(%esp)
    movl    -8(%ebp), %eax
    movl    %eax, (%esp)
    call    bar
    leave   
    ret

```
### 传参——通过寄存器


![image_1b07jjuiqa9j1n77po51nnbrdu9.png-72.9kB][2]
```
int bar(int a,int b)
{
    return a+b;
}
 
int foo()
{
    int a=1,b=2;
    return bar(a,b);
}

bar:
    pushq   %rbp
    movq    %rsp, %rbp
    movl    %edi, -4(%rbp)
    movl    %esi, -8(%rbp)
    movl    -8(%rbp), %eax
    addl    -4(%rbp), %eax
    leave   
    ret
foo:
    pushq   %rbp
    movq    %rsp, %rbp
    subq    $16, %rsp
    movl    $1, -8(%rbp)
    movl    $2, -4(%rbp)
    movl    -4(%rbp), %esi      --参数 2
    movl    -8(%rbp), %edi      --参数 1
    call    bar
    leave   
    ret
```


优化级别
---------

### gcc –O1 –m64
```
int bar(int a,int b)
{
    return a+b;
}

int foo()
{
    int a=1,b=2;
    return bar(a,b  1 int bar(int a,int b));
}
 bar:
    leal    (%rsi,%rdi), %eax
    ret
foo:
    movl    $2, %esi
    movl    $1, %edi
    jmp bar            -省去了函数调用


```
### gcc –O2 –m64
```
int bar(int a,int b)
{
 return a+b;
}

int foo()
{
 int a=1,b=2;
 return bar(a,b  1 int bar(int a,int b));
}
bar:
 leal    (%rsi,%rdi), %eax
 ret
foo:
 movl    $2, %esi
 movl    $1, %edi
 jmp bar            -省去了函数调用
```
### gcc –O3 –m64
```
int bar(int a,int b)
{
 return a+b;
}

int foo()
{
 int a=1,b=2;
 return bar(a,b);
}
bar:
 leal    (%rsi,%rdi), %eax
 ret
foo:
 movl    $3, %eax      -省去了函数调用，直接计算结果返回
 ret
```

反汇编
---------
反汇编首先要了解C语言对应的汇编是什么，才方便从汇编反推过来C语言。下面简单总结一下

### if
```
void func()
{
    int a=1;
    if(a)
        bar();
    else
        foo();
    return;
}
     .file   "if.c"
     .text
 .globl func
     .type   func, @function
 func:
 .LFB2:
     pushq   %rbp
 .LCFI0:
     movq    %rsp, %rbp
 .LCFI1:
     subq    $16, %rsp           ---给int a在栈上分配空间
 .LCFI2:
     movl    $1, -4(%rbp)          ---a=1
     cmpl    $0, -4(%rbp)          ---if(a==0)
     je  .L2									goto foo
     movl    $0, %eax                 else
     call    bar                           goto bar
     jmp .L5
 .L2:
     movl    $0, %eax
     call    foo
 .L5:
     leave

```

### switch

```

int foo()
{
    int a=1;
    switch(a)
    {
        case 1:
                case1();
            break;
        case 2:
                case2();
            break;
        case 3:
                case3();
            break;
    }
    return;
}
 foo:
.LFB2:
    pushq   %rbp
.LCFI0:
    movq    %rsp, %rbp
.LCFI1:
    subq    $32, %rsp                -- int a
.LCFI2:
    movl    $1, -4(%rbp)             -- a=1
    movl    -4(%rbp), %eax
    movl    %eax, -20(%rbp)
    cmpl    $2, -20(%rbp)            -- case 2:
    je  .L4                                 goto case2()
    cmpl    $3, -20(%rbp)            -- case 3:
    je  .L5                                 goto case3()
    cmpl    $1, -20(%rbp)			  -- case 1:
    je  .L3                                  goto case1()
    jmp .L7
.L3:
    movl    $0, %eax              
    call    case1
    jmp .L7
.L4:
    movl    $0, %eax
    call    case2
    jmp .L7
.L5:
    movl    $0, %eax
    call    case3
.L7:
    leave
    ret
```

### while
```
void foo()
{
 int i=100;
 while(i>0)
 {
     bar();
     i--;
 }
}
 foo:
 pushq   %rbp
 movq    %rsp, %rbp
 subq    $16, %rsp
 movl    $100, -4(%rbp)
 jmp .L2 
.L3:
 movl    $0, %eax
 call    bar 
 subl    $1, -4(%rbp)
.L2:
 cmpl    $0, -4(%rbp)
 jg  .L3 
 leave
 ret

```

### for
```
void foo()
{
    int i=0;
    for(i=0x123;i<0x1234;i++)
    {
        bar();
    }

}

 foo:
    pushq   %rbp
    movq    %rsp, %rbp
    subq    $16, %rsp
    movl    $0, -4(%rbp)
    movl    $291, -4(%rbp)    
    jmp .L2 
.L3:
    movl    $0, %eax
    call    bar 
    addl    $1, -4(%rbp)
.L2:
    cmpl    $4659, -4(%rbp)
    jle .L3 
    leave
    ret

i = 0x123
if(i<0x1234)
{
bar()
i++
goto …
}
else
break
```

获取汇编
---------

### 可执行文件
objdump –D foo
### C代码
gcc –S foo.c
### gdb
```
disas [/m|/r]  [函数名|内存地址]

/m  同时打出汇编和源码
/r  同时打出机器码和汇编
```
例子：
```
(gdb) disas /m main
Dump of assembler code for function main:
6	{
   0x000000000040052d <+0>:	push   %rbp
   0x000000000040052e <+1>:	mov    %rsp,%rbp
   0x0000000000400531 <+4>:	sub    $0x10,%rsp

7		int n=10;
   0x0000000000400535 <+8>:	movl   $0xa,-0x4(%rbp)

8		while(--n>=0)
   0x000000000040053c <+15>:	jmp    0x400552 <main+37>
   0x0000000000400552 <+37>:	subl   $0x1,-0x4(%rbp)
   0x0000000000400556 <+41>:	cmpl   $0x0,-0x4(%rbp)
   0x000000000040055a <+45>:	jns    0x40053e <main+17>

9		{
10			printf("%d\n",n);
=> 0x000000000040053e <+17>:	mov    -0x4(%rbp),%eax
   0x0000000000400541 <+20>:	mov    %eax,%esi
   0x0000000000400543 <+22>:	mov    $0x4005e4,%edi
   0x0000000000400548 <+27>:	mov    $0x0,%eax
   0x000000000040054d <+32>:	callq  0x400410 <printf@plt>

11			
12		}
13	}
   0x000000000040055c <+47>:	leaveq 
   0x000000000040055d <+48>:	retq   


(gdb) disas /r main
Dump of assembler code for function main:
   0x000000000040052d <+0>:	55	push   %rbp
   0x000000000040052e <+1>:	48 89 e5	mov    %rsp,%rbp
   0x0000000000400531 <+4>:	48 83 ec 10	sub    $0x10,%rsp
   0x0000000000400535 <+8>:	c7 45 fc 0a 00 00 00	movl   $0xa,-0x4(%rbp)
   0x000000000040053c <+15>:	eb 14	jmp    0x400552 <main+37>
=> 0x000000000040053e <+17>:	8b 45 fc	mov    -0x4(%rbp),%eax
   0x0000000000400541 <+20>:	89 c6	mov    %eax,%esi
   0x0000000000400543 <+22>:	bf e4 05 40 00	mov    $0x4005e4,%edi
   0x0000000000400548 <+27>:	b8 00 00 00 00	mov    $0x0,%eax
   0x000000000040054d <+32>:	e8 be fe ff ff	callq  0x400410 <printf@plt>
   0x0000000000400552 <+37>:	83 6d fc 01	subl   $0x1,-0x4(%rbp)
   0x0000000000400556 <+41>:	83 7d fc 00	cmpl   $0x0,-0x4(%rbp)
   0x000000000040055a <+45>:	79 e2	jns    0x40053e <main+17>
   0x000000000040055c <+47>:	c9	leaveq 
   0x000000000040055d <+48>:	c3	retq   
End of assembler dump.
```

gdb调试core文件
-----------------

下面就对如下一个小程序为例子展开调试：
```
int bar()
{
    int *a=0x0;   
    *a=1;       
    return 0;
}
main()
{
    bar();
}
```
看程序应该在第5行core掉，原因是访问了非法地址0x0。但是如何通过汇编定位到这一行呢？

1）载入gdb ./fcall ./core.29782 
2）bt 看下堆栈，举个例子：
```
(gdb) bt
#0  0x0000000000400458 in bar ()
#1  0x0000000000400473 in main ()
```
这个`0x0000000000400458`地址就是当前指令地址，是在这个地方core掉的。

3）`disas 0x0000000000400458`看`0x0000000000400458`附近的汇编
```
(gdb) disas 0x0000000000400458
Dump of assembler code for function bar:
0x0000000000400448 <bar+0>:	push   %rbp
0x0000000000400449 <bar+1>:	mov    %rsp,%rbp
0x000000000040044c <bar+4>:	movq   $0x0,-0x8(%rbp)
0x0000000000400454 <bar+12>:	mov    -0x8(%rbp),%rax
0x0000000000400458 <bar+16>:	movl   $0x1,(%rax)
0x000000000040045e <bar+22>:	mov    $0x0,%eax
0x0000000000400463 <bar+27>:	leaveq 
0x0000000000400464 <bar+28>:	retq   
End of assembler dump.
```
可以看到在`movl   $0x1,(%rax)`指令coredump了。 mov指令一般都是core的罪魁祸首，因为他要访问内存(%rax)。%rax是寄存器，加上括号就是要引用地址为%rax的内存。这里是要把1赋值给地址为%rax的内存。结合代码，很明显的是第5行赋值的问题。
4）看寄存器里的值
```
(gdb) p $rax
$1 = 0
```
发现了寄存器rax值为0，movl   $0x1,(%rax)就是要引用地址为0的内存，显然是不合理的。

gdb汇编调试运行程序
---------------
先得到main和bar的汇编如下：
```
(gdb) disas main
Dump of assembler code for function main:
   0x000000000040050a <+0>:	push   %rbp
   0x000000000040050b <+1>:	mov    %rsp,%rbp
=> 0x000000000040050e <+4>:	mov    $0x0,%eax
   0x0000000000400513 <+9>:	callq  0x4004ed <bar>
   0x0000000000400518 <+14>:	pop    %rbp
   0x0000000000400519 <+15>:	retq   
End of assembler dump.
(gdb) disas bar
Dump of assembler code for function bar:
   0x00000000004004ed <+0>:	push   %rbp
   0x00000000004004ee <+1>:	mov    %rsp,%rbp
   0x00000000004004f1 <+4>:	movq   $0x0,-0x8(%rbp)
   0x00000000004004f9 <+12>:	mov    -0x8(%rbp),%rax
   0x00000000004004fd <+16>:	movl   $0x1,(%rax)
   0x0000000000400503 <+22>:	mov    $0x0,%eax
   0x0000000000400508 <+27>:	pop    %rbp
   0x0000000000400509 <+28>:	retq   
End of assembler dump.
```
gdb载入后可以进行如下命令：
```
(gdb) b *0x0000000000400465   在某地址处打断点。
(gdb) stepi                   下一条指令
(gdb) nexti                   下一条指令
(gdb) info frame              
(gdb) info registers          
(gdb) jump *address           跳转到某条指令，类似goto
(gdb) info frame
Stack level 0, frame at 0x7fffffffdf20:
 rip = 0x40050e in main (simple.c:10); saved rip = 0x7ffff7a36ec5
 source language c.
 Arglist at 0x7fffffffdf10, args: 
 Locals at 0x7fffffffdf10, Previous frame's sp is 0x7fffffffdf20
 Saved registers:
  rbp at 0x7fffffffdf10, rip at 0x7fffffffdf18
(gdb) info registers
rax            0x40050a	4195594
rbx            0x0	0
rcx            0x0	0
rdx            0x7fffffffe008	140737488347144
rsi            0x7fffffffdff8	140737488347128
rdi            0x1	1
rbp            0x7fffffffdf10	0x7fffffffdf10
rsp            0x7fffffffdf10	0x7fffffffdf10
r8             0x7ffff7dd4e80	140737351863936
r9             0x7ffff7dea560	140737351951712
r10            0x7fffffffdda0	140737488346528
r11            0x7ffff7a36dd0	140737348070864
r12            0x400400	4195328
r13            0x7fffffffdff0	140737488347120
r14            0x0	0
r15            0x0	0
rip            0x40050e	0x40050e <main+4>
eflags         0x246	[ PF ZF IF ]
cs             0x33	51
ss             0x2b	43
ds             0x0	0
es             0x0	0
fs             0x0	0
gs             0x0	0
```
避免core发生：
打到core语句地址
jump跳过那条语句
当然在别的例子中，可以修改相应的值。
```
(gdb) b *0x00000000004004f9
Breakpoint 2 at 0x4004f9: file simple.c, line 5.
(gdb) c
Continuing.

Breakpoint 2, bar () at simple.c:5
5	     *a=1;       
(gdb) disas
Dump of assembler code for function bar:
   0x00000000004004ed <+0>:	push   %rbp
   0x00000000004004ee <+1>:	mov    %rsp,%rbp
   0x00000000004004f1 <+4>:	movq   $0x0,-0x8(%rbp)
=> 0x00000000004004f9 <+12>:	mov    -0x8(%rbp),%rax
   0x00000000004004fd <+16>:	movl   $0x1,(%rax)
   0x0000000000400503 <+22>:	mov    $0x0,%eax
   0x0000000000400508 <+27>:	pop    %rbp
   0x0000000000400509 <+28>:	retq   
End of assembler dump.
(gdb) info frame
Stack level 0, frame at 0x7fffffffdf10:
 rip = 0x4004f9 in bar (simple.c:5); saved rip = 0x400518
 called by frame at 0x7fffffffdf20
 source language c.
 Arglist at 0x7fffffffdf00, args: 
 Locals at 0x7fffffffdf00, Previous frame's sp is 0x7fffffffdf10
 Saved registers:
  rbp at 0x7fffffffdf00, rip at 0x7fffffffdf08
(gdb)
(gdb) jump *0x0000000000400503
Continuing at 0x400503.
[Inferior 1 (process 18720) exited normally] 
```


调试堆栈
----------

### 堆栈溢出实例
```
void foo()
{
   
    int buf[1]={0};
    buf[0]=1;
    buf[1]=2;
    buf[2]=3;
    buf[3]=4;
    buf[4]=5;
    buf[5]=6;
    buf[6]=7;      --申请了1个地址，但是写入很多个 buffer overflow
    
    return;
}
int main()
{
    foo();
    return 0;
}   
```
```
[yshen@server-yanfa1-zqgao1 stack]$ ./main2
Segmentation fault (core dumped)              ---栈溢出产生的coredump
```

### 堆栈溢出检测
![image_1b07km0hd1nfo12291gje2pg90um.png-29.1kB][3]
在栈底加个MAGICNUMBER，如果这个值被改了，那么说明是栈被破坏了。
```
#include<stdio.h>
#include<stdlib.h>
#define MAGIC 1989
#define F_INTER int __a=MAGIC;
#define F_EXIT  \
        if(__a!=MAGIC) \
            printf("stack error in %s, magic=%d\n",__func__,__a);
void foo()
{
    F_INTER
    int buf[1]={0};
    buf[0]=1;
    buf[1]=2;
    buf[2]=3;
    buf[3]=4;
    buf[4]=5;
    buf[5]=6;
    buf[6]=7;
    F_EXIT
    return;
}
int main()
{
    foo();
    return 0;
}   
~     
Dump of assembler code for function foo:
0x00000000004004d8 <foo+0>:	push   %rbp
0x00000000004004d9 <foo+1>:	mov    %rsp,%rbp
0x00000000004004dc <foo+4>:	sub    $0x10,%rsp           --栈分配空间
0x00000000004004e0 <foo+8>:	movl   $0x7c5,-0x4(%rbp)     --magicnumber在-0x4(%rbp)
0x00000000004004e7 <foo+15>:	movl   $0x0,-0x10(%rbp)
0x00000000004004ee <foo+22>:	movl   $0x1,-0x10(%rbp)
0x00000000004004f5 <foo+29>:	movl   $0x2,-0xc(%rbp)
0x00000000004004fc <foo+36>:	movl   $0x3,-0x8(%rbp)
0x0000000000400503 <foo+43>:	movl   $0x4,-0x4(%rbp)      --magicnumber被冲了
0x000000000040050a <foo+50>:	movl   $0x5,0x0(%rbp)       --rbp被冲了
0x0000000000400511 <foo+57>:	movl   $0x6,0x4(%rbp)       --rip也被冲了
0x0000000000400518 <foo+64>:	movl   $0x7,0x8(%rbp)
0x000000000040051f <foo+71>:	cmpl   $0x7c5,-0x4(%rbp)
0x0000000000400526 <foo+78>:	je     0x40053f <foo+103>
0x0000000000400528 <foo+80>:	mov    -0x4(%rbp),%edx
0x000000000040052b <foo+83>:	mov    $0x400658,%esi
0x0000000000400530 <foo+88>:	mov    $0x40065c,%edi
0x0000000000400535 <foo+93>:	mov    $0x0,%eax
0x000000000040053a <foo+98>:	callq  0x4003d0 <printf@plt>
0x000000000040053f <foo+103>:	leaveq 
0x0000000000400540 <foo+104>:	retq   
End of assembler dump. 

[yshen@server-yanfa1-zqgao1 stack]$ ./main2
stack error in foo, magic=4
Segmentation fault (core dumped)
```


### 在程序中打印堆栈

知识点： 
1）用rbp来遍历堆栈。
2）用dladdr获取符号信息。
```
/*
 * backtrace implimentation
 * gcc -rdynamic -g -O0 -o bt  stacktrace.c -ldl
 *
 */


#include<stdio.h>
#include<stdlib.h>
#include<assert.h>
#include<execinfo.h>
#include<dlfcn.h>
#include<errno.h>

#define CMD_BUFFER_SIZE  1024
#define SYMBOL_SIZE      512
#define ADDRESS_SIZE     20
#define STACK_DEPTH_MAX  100
#define bool			 int
#define true			 1
#define false			 0

/*
 * Assembly code, gets the values of the frame pointer.
 * It only works for x86 processors.
 */
#if defined(__i386)
#define ASMFP asm volatile ("movl %%ebp, %0" : "=g" (ulp));
#define GET_PTR_FROM_VALUE(value) ((uint32)value)
#define GET_FRAME_POINTER(x) do { uint64 ulp; ASMFP; x = ulp; } while (0)
#elif defined(__x86_64__)
#define ASMFP asm volatile ("movq %%rbp, %0" : "=g" (ulp));
#define GET_PTR_FROM_VALUE(value) (value)
#define GET_FRAME_POINTER(x) do { uint64 ulp; ASMFP; x = ulp; } while (0)
#else
#define ASMFP
#define GET_PTR_FROM_VALUE(value) (value)
#define GET_FRAME_POINTER(x)
#endif


typedef unsigned long long int uint64;
typedef unsigned int uint32;
typedef unsigned int * uintptr_t;

volatile char	   *stack_base_ptr = NULL;


typedef struct {
        const char *dli_fname;  /* Pathname of shared object that
                                   contains address */
        void       *dli_fbase;  /* Address at which shared object
                                   is loaded */
        const char *dli_sname;  /* Name of nearest symbol with address
                                   lower than addr */
        void       *dli_saddr;  /* Exact address of symbol named
                                   in dli_sname */
 } Dl_info;

uint32 back_trace(void **stackAddresses, uint32 maxStackDepth)
{
	assert(stack_base_ptr != NULL);
	uint64  framePtrValue = 0;
	GET_FRAME_POINTER(framePtrValue);

	uint32  depth = 0;
	void **pFramePtr = (void**) GET_PTR_FROM_VALUE(framePtrValue);
	/* check if the frame pointer is valid */
	if (pFramePtr != NULL && (void *) &depth < (void *) pFramePtr)
	{
		/* consider the first maxStackDepth frames only, below the stack base pointer */
		for (depth = 0; depth < maxStackDepth; depth++)
		{
			/* check if next frame is within stack */
			if (pFramePtr == NULL ||
				(void *) pFramePtr > *pFramePtr ||
				(void *) stack_base_ptr < *pFramePtr)
			{
				break;
			}

			/* get return address (one above the frame pointer) */
			const uintptr_t *returnAddr = (uintptr_t *)(pFramePtr + 1);

			/* store return address */
			stackAddresses[depth] = (void *) *returnAddr;

			/* move to next frame */
			pFramePtr = (void**)*pFramePtr;
		}
	}
	return depth;
}


char **
back_trace_symbols(void *const *buffer, int size)
{
	char **result;
	size_t bufsize;
	int i;

	bufsize = size * sizeof(char *);

	/* Calculate exact size */
	for (i=0; i < size; i++)
	{
		Dl_info dli;

		if (dladdr(buffer[i], &dli) == 0)
		{
			bufsize += snprintf(NULL, 0, "%p: <not found>", buffer[i]) + 1;
		}
		else
		{
			bufsize += snprintf(NULL, 0, "%p: %s %s+0x%x", buffer[i],
						dli.dli_fname, dli.dli_sname,
						(int)((char *)(buffer[i]) - (char *)(dli.dli_saddr))) + 1;
		}
	}

	result = malloc(bufsize);

	if(!result)
	{
		printf("Failed to get backtrace symbol: out of memory!");
		exit(1);
	}

	{
		int n;
		char *cur = (char *)(result + size);

		memset(result, 0, bufsize);

		for (i=0; i < size; i++)
		{
			Dl_info dli;

			if (dladdr(buffer[i], &dli) == 0)
			{
				n = sprintf(cur, "%p: <not found>", buffer[i]);
			}
			else
			{
				n = sprintf(cur, "%p: %s %s+0x%x", buffer[i],
							dli.dli_fname, dli.dli_sname,
							(int)((char *)(buffer[i]) - (char *)(dli.dli_saddr)));
			}

			result[i] = cur;
			cur += n + 1;
		}
	}
	return result;
}

void bt(void)
{
	int 		stacktracesize;
	void	   *stacktracearray[STACK_DEPTH_MAX];
	char	   **result = NULL;
	int i = 0;
	stacktracesize = back_trace(stacktracearray, STACK_DEPTH_MAX);
	result = back_trace_symbols(stacktracearray, STACK_DEPTH_MAX);
	for (i = 0; result[i] != NULL && i < stacktracesize; i++)
	{
		printf("#%d : %s\n",i,result[i]);

	}

	return;
}
int function1(void)
{
	bt();
	return 0;
}
int function2(void)
{
	function1();
	return 0;
}

int main()
{
	volatile char stack_base;
    stack_base_ptr = &stack_base;
	
	function2();

	return 0;
}
```

yshen@yshen-office:~/test/ass$ ./bt
```
#0 : 0x400e8f: ./bt bt+0x34
#1 : 0x400f33: ./bt function1+0x9
#2 : 0x400f43: ./bt function2+0x9
```
和gdb对比
```
(gdb) bt
#1  0x0000000000400e8f in bt () at stacktrace.c:164
#2  0x0000000000400f33 in function1 () at stacktrace.c:177
#3  0x0000000000400f43 in function2 () at stacktrace.c:182
#4  0x0000000000400f62 in main () at stacktrace.c:191
```


![image_1b07ksg28gu9k3i1jt116ds1tik9.png-32.3kB][4]
私有：
寄存器
栈

共享：
库
堆

关系：
平等关系，没有先后顺序，后起线程可以杀掉先起的线程

### 多线程举例
```
#define N 2
char **ptr; /* global variable */      --shared among threads
void *thread(void *vargp);
int main()
{
  int i;
  pthread_t tid;
  char *msgs[N] = {
  "Hello from foo",
  "Hello from bar"
                  };

  ptr = msgs;                       --ptr bind to local variable , so msgs can be shared
  for (i = 0; i < N; i++)
  Pthread_create(&tid, NULL, thread, (void *)i);
  Pthread_exit(NULL);
}

void *thread(void *vargp)
{
  int myid = (int)vargp;      --each thread has its own myid
  static int cnt = 0;         --cnt shared among threads
  printf("[%d]: %s (cnt=%d)\n", myid, ptr[myid], ++cnt);  --without lock for cnt
}

~$ ./sharing
[0]: Hello from foo (cnt=1)
[1]: Hello from bar (cnt=1)

~$ ./sharing
[0]: Hello from foo (cnt=1)
[1]: Hello from bar (cnt=2)

  7 thread:
  8     pushq   %rbp
  9     movq    %rsp, %rbp
 10     movq    %rdi, -24(%rbp)
 11     movq    -24(%rbp), %rax
 12     movl    %eax, -4(%rbp)
 13     movl    cnt.1629(%rip), %eax      --step1 load  cnt
 14     addl    $1, %eax                  --step2 add   cnt
 15     movl    %eax, cnt.1629(%rip)      --step3 save  cnt
 16     leave   
 17     ret
```

###  线程竞争
```
  1 #include<stdio.h>
  2 #include<stdlib.h>
  3 #include<pthread.h>
  4 #define N 4
  5 void *thread(void *vargp);
  6 int main()
  7 {
  8     pthread_t tid[N];
  9     int i;
 10     for (i = 0; i < N; i++)
 11         pthread_create(&tid[i], NULL, thread, &i);
 12     for (i = 0; i < N; i++)
 13         pthread_join(tid[i], NULL);
 14     exit(0);
 15 }   
 16 /* thread routine */
 17 void *thread(void *vargp)
 18 {
 19     int myid = *((int *)vargp);
 20     printf("Hello from thread %d\n", myid);
 21     return NULL;
 22 }   
```

```
[yshen@server-yanfa1-zqgao1 disas]$ gcc thread_race.c -O3 -lpthread -o thread_race
[yshen@server-yanfa1-zqgao1 disas]$ ./thread_race 
Hello from thread 0
Hello from thread 0
Hello from thread 0
Hello from thread 0
[yshen@server-yanfa1-zqgao1 disas]$ ./thread_race 
Hello from thread 0
Hello from thread 0
Hello from thread 0
Hello from thread 0

```
```
(gdb) disas main
Dump of assembler code for function main:
0x0000000000400600 <main+0>:	push   %rbp
0x0000000000400601 <main+1>:	xor    %eax,%eax                eax=0
0x0000000000400603 <main+3>:	push   %rbx
0x0000000000400604 <main+4>:	sub    $0x38,%rsp
0x0000000000400608 <main+8>:	lea    0x2c(%rsp),%rbp          rbp=&i
0x000000000040060d <main+13>:	movl   $0x0,0x2c(%rsp)          i=0
0x0000000000400615 <main+21>:	mov    %rsp,%rbx
0x0000000000400618 <main+24>:	movslq %eax,%rdi                
0x000000000040061b <main+27>:	xor    %esi,%esi                2nd arg NULL
0x000000000040061d <main+29>:	mov    %rbp,%rcx                4th arg &i
0x0000000000400620 <main+32>:	lea    (%rbx,%rdi,8),%rdi       1st arg &tid[i]
0x0000000000400624 <main+36>:	mov    $0x4005e0,%edx           3rd arg thread
0x0000000000400629 <main+41>:	callq  0x4004e0 <pthread_create@plt>
0x000000000040062e <main+46>:	mov    0x2c(%rsp),%eax
0x0000000000400632 <main+50>:	add    $0x1,%eax
0x0000000000400635 <main+53>:	cmp    $0x3,%eax
0x0000000000400638 <main+56>:	mov    %eax,0x2c(%rsp)
0x000000000040063c <main+60>:	jle    0x400618 <main+24>
0x000000000040063e <main+62>:	movl   $0x0,0x2c(%rsp)
0x0000000000400646 <main+70>:	xor    %eax,%eax
0x0000000000400648 <main+72>:	cltq   
0x000000000040064a <main+74>:	xor    %esi,%esi
0x000000000040064c <main+76>:	mov    (%rsp,%rax,8),%rdi
0x0000000000400650 <main+80>:	callq  0x4004f0 <pthread_join@plt>
0x0000000000400655 <main+85>:	mov    0x2c(%rsp),%eax
0x0000000000400659 <main+89>:	add    $0x1,%eax
0x000000000040065c <main+92>:	cmp    $0x3,%eax
0x000000000040065f <main+95>:	mov    %eax,0x2c(%rsp)
0x0000000000400663 <main+99>:	jle    0x400648 <main+72>
0x0000000000400665 <main+101>:	xor    %edi,%edi
0x0000000000400667 <main+103>:	callq  0x4004c0 <exit@plt>
End of assembler dump.
(gdb) disas thread
Dump of assembler code for function thread:
0x00000000004005e0 <thread+0>:	sub    $0x8,%rsp
0x00000000004005e4 <thread+4>:	mov    (%rdi),%esi               2nd arg  i stored in (%rdi)
0x00000000004005e6 <thread+6>:	xor    %eax,%eax                 eax=0
0x00000000004005e8 <thread+8>:	mov    $0x400768,%edi            1st arg
0x00000000004005ed <thread+13>:	callq  0x4004b0 <printf@plt>
0x00000000004005f2 <thread+18>:	xor    %eax,%eax
0x00000000004005f4 <thread+20>:	add    $0x8,%rsp
0x00000000004005f8 <thread+24>:	retq   
End of assembler dump.
(gdb)
```

```
原因：
1）把i的地址传给了其他函数，i在栈上多个寄存器中保存，i自增是在寄存器内完成的，自增后%rbp没及时更新。
2）新启动的多个线程访问内存中同一个地址，存在竞争关系，取值可以在以下指令中任意一个执行。
```

```
0x0000000000400629 <main+41>:	callq  0x4004e0 <pthread_create@plt>   --另一个线程启动
0x000000000040062e <main+46>:	mov    0x2c(%rsp),%eax    --取内存中i的值
0x0000000000400632 <main+50>:	add    $0x1,%eax          --递增
0x0000000000400635 <main+53>:	cmp    $0x3,%eax          --判断
0x0000000000400638 <main+56>:	mov    %eax,0x2c(%rsp)    --把i的值放到内存中
```

解决方案：传堆上的值，每次用个不同的地址保存。

```

  1 #include<stdio.h>
  2 #include<stdlib.h>
  3 #include<pthread.h>
  4 #define N 4
  5 void *thread(void *vargp);
  6 int main()
  7 {
  8     pthread_t tid[N];
  9     int i;
 10     for (i = 0; i < N; i++)
 11     {
 12          int *pi=malloc(sizeof(int));
 13          *pi=i;
 14          pthread_create(&tid[i], NULL, thread, pi);
 15 
 16     }
 17     for (i = 0; i < N; i++)
 18         pthread_join(tid[i], NULL);
 19     exit(0);
 20 }
 21 /* thread routine */
 22 void *thread(void *vargp)
 23 {
 24     int myid = *((int *)vargp);
 25     free(vargp);
 26     printf("Hello from thread %d\n", myid);
 27     return NULL;
 28 }
```

```
yshen@yshen-office:~/test/ass$ gcc race.c -O3 -lpthread -o race
yshen@yshen-office:~/test/ass$ ./race 
Hello from thread 0
Hello from thread 1
Hello from thread 2
Hello from thread 3
```





 

  [1]: http://static.zybuluo.com/shenyuflying/q8k0ln5ar7saca9cl4cpif5p/image_1b07j8ngs1s0010161diro2quq416.png
  [2]: http://static.zybuluo.com/shenyuflying/q2bdo1w7x5359vvun9lqoqh2/image_1b07jjuiqa9j1n77po51nnbrdu9.png
  [3]: http://static.zybuluo.com/shenyuflying/1x8ua7rn101n5jxciw6j4yst/image_1b07km0hd1nfo12291gje2pg90um.png
  [4]: http://static.zybuluo.com/shenyuflying/xlz76t446buibnvdmcq9doiv/image_1b07ksg28gu9k3i1jt116ds1tik9.png
